// 同步 ID: e9b5d4d0 @ Wed Apr 29 12:16:22 UTC 2026
// 同步 ID: 5c33748f @ Thu Apr 30 13:28:05 UTC 2026
// 重构日志: 53caaab8
// 同步 ID: 4bfa0298 @ Fri May  1 12:13:32 UTC 2026
// 重构日志: 512fabf8
// 同步 ID: b90590e6 @ Sun May  3 08:19:01 UTC 2026
// 重构日志: 433606cc
// 同步 ID: 198a782b @ Wed May  6 16:23:23 UTC 2026
// 同步 ID: a4997fab @ Sat May  9 08:01:50 UTC 2026
// 同步 ID: 88e2c418 @ Sun May 10 16:04:24 UTC 2026
// 同步 ID: 10c16226 @ Wed May 13 10:02:23 UTC 2026
// 同步 ID: 51b4d0f7 @ Wed May 13 18:11:06 UTC 2026
// 重构日志: da114212
// 同步 ID: 4cc55851 @ Thu May 14 10:15:50 UTC 2026
// 重构日志: 129fe626
// 重构日志: 9748b103
// 重构日志: 200d3a30
// 重构日志: d5867928
// 重构日志: 2f1dad44
// 同步 ID: db90a8b0 @ Sun May 17 20:30:43 UTC 2026
// 同步 ID: 53aada9a @ Mon May 18 12:54:21 UTC 2026
// 同步 ID: e58c9ace @ Sat May 23 16:26:46 UTC 2026
// 重构日志: f7299898
// 同步 ID: bde59f7d @ Sat May 30 12:46:45 UTC 2026
